<?xml version="1.0" encoding="UTF-8"?>
<!-- Generated by org.testng.reporters.JUnitReportReporter -->
<testsuite hostname="PF4A59NC" failures="0" tests="3" name="TestNGAttributes.Enabled_Attribute" time="0.480" errors="0" timestamp="2025-03-29T08:10:24 IST" skipped="1">
  <testcase classname="TestNGAttributes.Enabled_Attribute" name="enterUsername" time="0.403"/>
  <system-out/>
  <testcase classname="TestNGAttributes.Enabled_Attribute" name="enterPassword" time="0.077"/>
  <system-out/>
  <testcase classname="TestNGAttributes.Enabled_Attribute" name="clickLogin">
    <skipped/>
  </testcase> <!-- clickLogin -->
  <system-out/>
</testsuite> <!-- TestNGAttributes.Enabled_Attribute -->
