<?xml version="1.0" encoding="UTF-8"?>
<!-- Generated by org.testng.reporters.JUnitReportReporter -->
<testsuite hostname="PF4A59NC" failures="0" tests="3" name="TestNg.TC_1_LoginToOrangeHRM_Edge" time="1.351" errors="0" timestamp="2025-03-29T08:27:05 IST" skipped="0">
  <testcase classname="TestNg.TC_1_LoginToOrangeHRM_Edge" name="enterUsername" time="1.189"/>
  <system-out/>
  <testcase classname="TestNg.TC_1_LoginToOrangeHRM_Edge" name="enterPassword" time="0.083"/>
  <system-out/>
  <testcase classname="TestNg.TC_1_LoginToOrangeHRM_Edge" name="clickLogin" time="0.079"/>
  <system-out/>
</testsuite> <!-- TestNg.TC_1_LoginToOrangeHRM_Edge -->
