<?xml version="1.0" encoding="UTF-8"?>
<!-- Generated by org.testng.reporters.JUnitReportReporter -->
<testsuite hostname="PF4A59NC" failures="0" tests="5" name="TestNgScreenshots.TC_1_HardAssertion2" time="7.037" errors="0" timestamp="2025-04-02T08:11:55 IST" skipped="0">
  <testcase classname="TestNgScreenshots.TC_1_HardAssertion2" name="verifyTitle" time="0.027"/>
  <system-out/>
  <testcase classname="TestNgScreenshots.TC_1_HardAssertion2" name="enterUsername" time="0.913"/>
  <system-out/>
  <testcase classname="TestNgScreenshots.TC_1_HardAssertion2" name="enterPassword" time="0.942"/>
  <system-out/>
  <testcase classname="TestNgScreenshots.TC_1_HardAssertion2" name="clickLogin" time="1.092"/>
  <system-out/>
  <testcase classname="TestNgScreenshots.TC_1_HardAssertion2" name="clickAdminTab" time="4.063"/>
  <system-out/>
</testsuite> <!-- TestNgScreenshots.TC_1_HardAssertion2 -->
