<?xml version="1.0" encoding="UTF-8"?>
<!-- Generated by org.testng.reporters.JUnitReportReporter -->
<testsuite hostname="PF4A59NC" failures="0" tests="10" name="TestNGAttributes.InvocationCount_Attribute" time="0.765" errors="0" timestamp="2025-03-29T08:15:20 IST" skipped="1">
  <testcase classname="TestNGAttributes.InvocationCount_Attribute" name="enterUsername" time="0.040"/>
  <system-out/>
  <testcase classname="TestNGAttributes.InvocationCount_Attribute" name="enterUsername" time="0.038"/>
  <system-out/>
  <testcase classname="TestNGAttributes.InvocationCount_Attribute" name="enterUsername" time="0.383"/>
  <system-out/>
  <testcase classname="TestNGAttributes.InvocationCount_Attribute" name="enterUsername" time="0.043"/>
  <system-out/>
  <testcase classname="TestNGAttributes.InvocationCount_Attribute" name="enterUsername" time="0.042"/>
  <system-out/>
  <testcase classname="TestNGAttributes.InvocationCount_Attribute" name="enterUsername" time="0.038"/>
  <system-out/>
  <testcase classname="TestNGAttributes.InvocationCount_Attribute" name="enterUsername" time="0.051"/>
  <system-out/>
  <testcase classname="TestNGAttributes.InvocationCount_Attribute" name="enterUsername" time="0.052"/>
  <system-out/>
  <testcase classname="TestNGAttributes.InvocationCount_Attribute" name="enterPassword" time="0.078"/>
  <system-out/>
  <testcase classname="TestNGAttributes.InvocationCount_Attribute" name="clickLogin">
    <skipped/>
  </testcase> <!-- clickLogin -->
  <system-out/>
</testsuite> <!-- TestNGAttributes.InvocationCount_Attribute -->
