<?xml version="1.0" encoding="UTF-8"?>
<!-- Generated by org.testng.reporters.JUnitReportReporter -->
<testsuite hostname="PF4A59NC" failures="0" tests="3" name="TestNGAttributes.Timeout_Attribute" time="2.094" errors="0" timestamp="2025-03-29T08:08:48 IST" skipped="0">
  <testcase classname="TestNGAttributes.Timeout_Attribute" name="enterUsername" time="0.524"/>
  <system-out/>
  <testcase classname="TestNGAttributes.Timeout_Attribute" name="enterPassword" time="0.091"/>
  <system-out/>
  <testcase classname="TestNGAttributes.Timeout_Attribute" name="clickLogin" time="1.479"/>
  <system-out/>
</testsuite> <!-- TestNGAttributes.Timeout_Attribute -->
