<?xml version="1.0" encoding="UTF-8"?>
<!-- Generated by org.testng.reporters.JUnitReportReporter -->
<testsuite hostname="PF4A59NC" failures="0" tests="4" name="Tests.TC_1_LoginTest" time="6.310" errors="1" timestamp="2025-04-03T08:15:25 IST" skipped="3">
  <testcase classname="Tests.TC_1_LoginTest" name="launchBrowser" time="6.308">
    <error message="Unresolved compilation problems: 
	The import org.openqa.selenium.support.events.WebDriverEventListener cannot be resolved
	WebDriverEventListener cannot be resolved to a type
	The method beforeAlertAccept(WebDriver) of type Livetech must override or implement a supertype method
	The method afterAlertAccept(WebDriver) of type Livetech must override or implement a supertype method
	The method afterAlertDismiss(WebDriver) of type Livetech must override or implement a supertype method
	The method beforeAlertDismiss(WebDriver) of type Livetech must override or implement a supertype method
	The method beforeNavigateTo(String, WebDriver) of type Livetech must override or implement a supertype method
	The method afterNavigateTo(String, WebDriver) of type Livetech must override or implement a supertype method
	The method beforeNavigateBack(WebDriver) of type Livetech must override or implement a supertype method
	The method afterNavigateBack(WebDriver) of type Livetech must override or implement a supertype method
	The method beforeNavigateForward(WebDriver) of type Livetech must override or implement a supertype method
	The method afterNavigateForward(WebDriver) of type Livetech must override or implement a supertype method
	The method beforeNavigateRefresh(WebDriver) of type Livetech must override or implement a supertype method
	The method afterNavigateRefresh(WebDriver) of type Livetech must override or implement a supertype method
	The method beforeFindBy(By, WebElement, WebDriver) of type Livetech must override or implement a supertype method
	The method afterFindBy(By, WebElement, WebDriver) of type Livetech must override or implement a supertype method
	The method beforeClickOn(WebElement, WebDriver) of type Livetech must override or implement a supertype method
	The method afterClickOn(WebElement, WebDriver) of type Livetech must override or implement a supertype method
	The method beforeChangeValueOf(WebElement, WebDriver, CharSequence[]) of type Livetech must override or implement a supertype method
	The method afterChangeValueOf(WebElement, WebDriver, CharSequence[]) of type Livetech must override or implement a supertype method
	The method beforeScript(String, WebDriver) of type Livetech must override or implement a supertype method
	The method afterScript(String, WebDriver) of type Livetech must override or implement a supertype method
	The method beforeSwitchToWindow(String, WebDriver) of type Livetech must override or implement a supertype method
	The method afterSwitchToWindow(String, WebDriver) of type Livetech must override or implement a supertype method
	The method onException(Throwable, WebDriver) of type Livetech must override or implement a supertype method
	The method beforeGetScreenshotAs(OutputType&lt;X&gt;) of type Livetech must override or implement a supertype method
	The method afterGetScreenshotAs(OutputType&lt;X&gt;, X) of type Livetech must override or implement a supertype method
	The method beforeGetText(WebElement, WebDriver) of type Livetech must override or implement a supertype method
	The method afterGetText(WebElement, WebDriver, String) of type Livetech must override or implement a supertype method
" type="java.lang.Error">
      <![CDATA[java.lang.Error: Unresolved compilation problems: 
The import org.openqa.selenium.support.events.WebDriverEventListener cannot be resolved
WebDriverEventListener cannot be resolved to a type
The method beforeAlertAccept(WebDriver) of type Livetech must override or implement a supertype method
The method afterAlertAccept(WebDriver) of type Livetech must override or implement a supertype method
The method afterAlertDismiss(WebDriver) of type Livetech must override or implement a supertype method
The method beforeAlertDismiss(WebDriver) of type Livetech must override or implement a supertype method
The method beforeNavigateTo(String, WebDriver) of type Livetech must override or implement a supertype method
The method afterNavigateTo(String, WebDriver) of type Livetech must override or implement a supertype method
The method beforeNavigateBack(WebDriver) of type Livetech must override or implement a supertype method
The method afterNavigateBack(WebDriver) of type Livetech must override or implement a supertype method
The method beforeNavigateForward(WebDriver) of type Livetech must override or implement a supertype method
The method afterNavigateForward(WebDriver) of type Livetech must override or implement a supertype method
The method beforeNavigateRefresh(WebDriver) of type Livetech must override or implement a supertype method
The method afterNavigateRefresh(WebDriver) of type Livetech must override or implement a supertype method
The method beforeFindBy(By, WebElement, WebDriver) of type Livetech must override or implement a supertype method
The method afterFindBy(By, WebElement, WebDriver) of type Livetech must override or implement a supertype method
The method beforeClickOn(WebElement, WebDriver) of type Livetech must override or implement a supertype method
The method afterClickOn(WebElement, WebDriver) of type Livetech must override or implement a supertype method
The method beforeChangeValueOf(WebElement, WebDriver, CharSequence[]) of type Livetech must override or implement a supertype method
The method afterChangeValueOf(WebElement, WebDriver, CharSequence[]) of type Livetech must override or implement a supertype method
The method beforeScript(String, WebDriver) of type Livetech must override or implement a supertype method
The method afterScript(String, WebDriver) of type Livetech must override or implement a supertype method
The method beforeSwitchToWindow(String, WebDriver) of type Livetech must override or implement a supertype method
The method afterSwitchToWindow(String, WebDriver) of type Livetech must override or implement a supertype method
The method onException(Throwable, WebDriver) of type Livetech must override or implement a supertype method
The method beforeGetScreenshotAs(OutputType<X>) of type Livetech must override or implement a supertype method
The method afterGetScreenshotAs(OutputType<X>, X) of type Livetech must override or implement a supertype method
The method beforeGetText(WebElement, WebDriver) of type Livetech must override or implement a supertype method
The method afterGetText(WebElement, WebDriver, String) of type Livetech must override or implement a supertype method

at Listeners.Livetech.<init>(Livetech.java:7)
at Tests.TC_1_LoginTest.launchBrowser(TC_1_LoginTest.java:29)
at java.base/jdk.internal.reflect.DirectMethodHandleAccessor.invoke(DirectMethodHandleAccessor.java:103)
at java.base/java.lang.reflect.Method.invoke(Method.java:580)
at org.testng.internal.invokers.MethodInvocationHelper.invokeMethod(MethodInvocationHelper.java:139)
at org.testng.internal.invokers.MethodInvocationHelper.invokeMethodConsideringTimeout(MethodInvocationHelper.java:69)
at org.testng.internal.invokers.ConfigInvoker.invokeConfigurationMethod(ConfigInvoker.java:361)
at org.testng.internal.invokers.ConfigInvoker.invokeConfigurations(ConfigInvoker.java:296)
at org.testng.SuiteRunner.privateRun(SuiteRunner.java:376)
at org.testng.SuiteRunner.run(SuiteRunner.java:330)
at org.testng.SuiteRunnerWorker.runSuite(SuiteRunnerWorker.java:52)
at org.testng.SuiteRunnerWorker.run(SuiteRunnerWorker.java:95)
at org.testng.TestNG.runSuitesSequentially(TestNG.java:1256)
at org.testng.TestNG.runSuitesLocally(TestNG.java:1176)
at org.testng.TestNG.runSuites(TestNG.java:1099)
at org.testng.TestNG.run(TestNG.java:1067)
at org.testng.remote.AbstractRemoteTestNG.run(AbstractRemoteTestNG.java:115)
at org.testng.remote.RemoteTestNG.initAndRun(RemoteTestNG.java:293)
at org.testng.remote.RemoteTestNG.main(RemoteTestNG.java:91)
]]>
    </error>
  </testcase> <!-- launchBrowser -->
  <system-out/>
  <testcase classname="Tests.TC_1_LoginTest" name="enterUsername" time="0.001">
    <skipped/>
  </testcase> <!-- enterUsername -->
  <system-out/>
  <testcase classname="Tests.TC_1_LoginTest" name="enterPassword" time="0.001">
    <skipped/>
  </testcase> <!-- enterPassword -->
  <system-out/>
  <testcase classname="Tests.TC_1_LoginTest" name="clickLogin" time="0.000">
    <skipped/>
  </testcase> <!-- clickLogin -->
  <system-out/>
</testsuite> <!-- Tests.TC_1_LoginTest -->
