<?xml version="1.0" encoding="UTF-8"?>
<!-- Generated by org.testng.reporters.JUnitReportReporter -->
<testsuite hostname="PF4A59NC" failures="0" tests="3" name="TestNg.TC_3_DataProviders" time="35.066" errors="0" timestamp="2025-03-29T08:01:59 IST" skipped="0">
  <testcase classname="TestNg.TC_3_DataProviders" name="enterCredentials" time="16.967"/>
  <system-out/>
  <testcase classname="TestNg.TC_3_DataProviders" name="enterCredentials" time="5.605"/>
  <system-out/>
  <testcase classname="TestNg.TC_3_DataProviders" name="enterCredentials" time="12.494"/>
  <system-out/>
</testsuite> <!-- TestNg.TC_3_DataProviders -->
