<?xml version="1.0" encoding="UTF-8"?>
<!-- Generated by org.testng.reporters.JUnitReportReporter -->
<testsuite hostname="PF4A59NC" failures="0" tests="2" name="Tests.TC_1_VerifyMedicines" time="0.650" errors="0" timestamp="2025-04-09T08:21:58 IST" skipped="0">
  <testcase classname="Tests.TC_1_VerifyMedicines" name="veriyHeaderTabs" time="0.474"/>
  <system-out/>
  <testcase classname="Tests.TC_1_VerifyMedicines" name="mouseHoveringToMedicines" time="0.176"/>
  <system-out/>
</testsuite> <!-- Tests.TC_1_VerifyMedicines -->
