<?xml version="1.0" encoding="UTF-8"?>
<!-- Generated by org.testng.reporters.JUnitReportReporter -->
<testsuite hostname="PF4A59NC" failures="0" tests="4" name="TestNgAssertions.HardAssertion1" time="63.914" errors="0" timestamp="2025-04-02T07:45:26 IST" skipped="0">
  <testcase classname="TestNgAssertions.HardAssertion1" name="verifyTitle" time="57.844"/>
  <system-out/>
  <testcase classname="TestNgAssertions.HardAssertion1" name="enterUsername" time="5.893"/>
  <system-out/>
  <testcase classname="TestNgAssertions.HardAssertion1" name="enterPassword" time="0.074"/>
  <system-out/>
  <testcase classname="TestNgAssertions.HardAssertion1" name="clickLogin" time="0.103"/>
  <system-out/>
</testsuite> <!-- TestNgAssertions.HardAssertion1 -->
