<?xml version="1.0" encoding="UTF-8"?>
<!-- Generated by org.testng.reporters.JUnitReportReporter -->
<testsuite hostname="PF4A59NC" failures="0" tests="3" name="TestNGAttributes.DependsOnMethods_Attribute" time="0.564" errors="0" timestamp="2025-03-29T08:18:26 IST" skipped="0">
  <testcase classname="TestNGAttributes.DependsOnMethods_Attribute" name="enterUsername" time="0.392"/>
  <system-out/>
  <testcase classname="TestNGAttributes.DependsOnMethods_Attribute" name="enterPassword" time="0.084"/>
  <system-out/>
  <testcase classname="TestNGAttributes.DependsOnMethods_Attribute" name="clickLogin" time="0.088"/>
  <system-out/>
</testsuite> <!-- TestNGAttributes.DependsOnMethods_Attribute -->
