<?xml version="1.0" encoding="UTF-8"?>
<!-- Generated by org.testng.reporters.JUnitReportReporter -->
<testsuite hostname="PF4A59NC" failures="0" tests="4" name="TestNgAssertions.HardAssertion3" time="33.592" errors="0" timestamp="2025-04-02T07:49:20 IST" skipped="0">
  <testcase classname="TestNgAssertions.HardAssertion3" name="verifyTitle" time="0.025"/>
  <system-out/>
  <testcase classname="TestNgAssertions.HardAssertion3" name="enterUsername" time="33.376"/>
  <system-out/>
  <testcase classname="TestNgAssertions.HardAssertion3" name="enterPassword" time="0.094"/>
  <system-out/>
  <testcase classname="TestNgAssertions.HardAssertion3" name="clickLogin" time="0.097"/>
  <system-out/>
</testsuite> <!-- TestNgAssertions.HardAssertion3 -->
