<?xml version="1.0" encoding="UTF-8"?>
<!-- Generated by org.testng.reporters.JUnitReportReporter -->
<testsuite hostname="PF4A59NC" failures="0" tests="4" name="TestNg.TC_2_ClickAdminTab_Chrome" time="6.775" errors="0" timestamp="2025-03-28T08:13:44 IST" skipped="0">
  <testcase classname="TestNg.TC_2_ClickAdminTab_Chrome" name="enterUsername" time="0.373"/>
  <system-out/>
  <testcase classname="TestNg.TC_2_ClickAdminTab_Chrome" name="enterPassword" time="0.095"/>
  <system-out/>
  <testcase classname="TestNg.TC_2_ClickAdminTab_Chrome" name="clickLogin" time="0.068"/>
  <system-out/>
  <testcase classname="TestNg.TC_2_ClickAdminTab_Chrome" name="clickAdminTab" time="6.239"/>
  <system-out/>
</testsuite> <!-- TestNg.TC_2_ClickAdminTab_Chrome -->
