<?xml version="1.0" encoding="UTF-8"?>
<!-- Generated by org.testng.reporters.JUnitReportReporter -->
<testsuite hostname="PF4A59NC" failures="0" tests="4" name="TestNgScreenshots.TC_1_HardAssertion" time="3.104" errors="0" timestamp="2025-04-02T08:08:37 IST" skipped="0">
  <testcase classname="TestNgScreenshots.TC_1_HardAssertion" name="verifyTitle" time="0.041"/>
  <system-out/>
  <testcase classname="TestNgScreenshots.TC_1_HardAssertion" name="enterUsername" time="1.621"/>
  <system-out/>
  <testcase classname="TestNgScreenshots.TC_1_HardAssertion" name="enterPassword" time="1.359"/>
  <system-out/>
  <testcase classname="TestNgScreenshots.TC_1_HardAssertion" name="clickLogin" time="0.083"/>
  <system-out/>
</testsuite> <!-- TestNgScreenshots.TC_1_HardAssertion -->
