<?xml version="1.0" encoding="UTF-8"?>
<!-- Generated by org.testng.reporters.JUnitReportReporter -->
<testsuite hostname="PF4A59NC" failures="0" tests="3" name="Tests.TC_1_LoginTest" time="0.559" errors="0" timestamp="2025-04-09T08:21:28 IST" skipped="0">
  <testcase classname="Tests.TC_1_LoginTest" name="enterUsername" time="0.395"/>
  <system-out/>
  <testcase classname="Tests.TC_1_LoginTest" name="enterPassword" time="0.080"/>
  <system-out/>
  <testcase classname="Tests.TC_1_LoginTest" name="clickLogin" time="0.084"/>
  <system-out/>
</testsuite> <!-- Tests.TC_1_LoginTest -->
