<?xml version="1.0" encoding="UTF-8"?>
<!-- Generated by org.testng.reporters.JUnitReportReporter -->
<testsuite hostname="PF4A59NC" failures="0" tests="4" name="TestNgAssertions.SoftAssertion1" time="0.519" errors="0" timestamp="2025-04-02T07:58:28 IST" skipped="0">
  <testcase classname="TestNgAssertions.SoftAssertion1" name="verifyTitle" time="0.037"/>
  <system-out/>
  <testcase classname="TestNgAssertions.SoftAssertion1" name="enterUsername" time="0.336"/>
  <system-out/>
  <testcase classname="TestNgAssertions.SoftAssertion1" name="enterPassword" time="0.079"/>
  <system-out/>
  <testcase classname="TestNgAssertions.SoftAssertion1" name="clickLogin" time="0.067"/>
  <system-out/>
</testsuite> <!-- TestNgAssertions.SoftAssertion1 -->
