<?xml version="1.0" encoding="UTF-8"?>
<!-- Generated by org.testng.reporters.JUnitReportReporter -->
<testsuite hostname="PF4A59NC" failures="0" tests="3" name="TestNg.TC_1_BaseClassMethodsCalling" time="8.474" errors="0" timestamp="2025-03-29T07:46:35 IST" skipped="0">
  <testcase classname="TestNg.TC_1_BaseClassMethodsCalling" name="enterUsername" time="1.336"/>
  <system-out/>
  <testcase classname="TestNg.TC_1_BaseClassMethodsCalling" name="enterPassword" time="4.003"/>
  <system-out/>
  <testcase classname="TestNg.TC_1_BaseClassMethodsCalling" name="clickLogin" time="3.135"/>
  <system-out/>
</testsuite> <!-- TestNg.TC_1_BaseClassMethodsCalling -->
