<?xml version="1.0" encoding="UTF-8"?>
<!-- Generated by org.testng.reporters.JUnitReportReporter -->
<testsuite hostname="PF4A59NC" failures="0" tests="3" name="Tests.TC_2_ForgotYourPasswordTest" time="20.031" errors="0" timestamp="2025-04-03T08:04:12 IST" skipped="0">
  <testcase classname="Tests.TC_2_ForgotYourPasswordTest" name="clickForgotYourPasswordLink" time="11.268"/>
  <system-out/>
  <testcase classname="Tests.TC_2_ForgotYourPasswordTest" name="enterUsername" time="6.450"/>
  <system-out/>
  <testcase classname="Tests.TC_2_ForgotYourPasswordTest" name="clickCancelButton" time="2.313"/>
  <system-out/>
</testsuite> <!-- Tests.TC_2_ForgotYourPasswordTest -->
