<?xml version="1.0" encoding="UTF-8"?>
<!-- Generated by org.testng.reporters.JUnitReportReporter -->
<testsuite hostname="PF4A59NC" failures="0" tests="3" name="TestNg.TC_1_LoginToOrangeHRM_Chrome" time="1.387" errors="0" timestamp="2025-03-29T08:27:05 IST" skipped="0">
  <testcase classname="TestNg.TC_1_LoginToOrangeHRM_Chrome" name="enterUsername" time="0.106"/>
  <system-out/>
  <testcase classname="TestNg.TC_1_LoginToOrangeHRM_Chrome" name="enterPassword" time="0.112"/>
  <system-out/>
  <testcase classname="TestNg.TC_1_LoginToOrangeHRM_Chrome" name="clickLogin" time="1.169"/>
  <system-out/>
</testsuite> <!-- TestNg.TC_1_LoginToOrangeHRM_Chrome -->
