<?xml version="1.0" encoding="UTF-8"?>
<!-- Generated by org.testng.reporters.JUnitReportReporter -->
<testsuite hostname="PF4A59NC" failures="0" tests="3" name="TestNGAttributes.Prioroty_Attribute" time="0.519" errors="0" timestamp="2025-03-29T08:07:06 IST" skipped="0">
  <testcase classname="TestNGAttributes.Prioroty_Attribute" name="enterUsername" time="0.370"/>
  <system-out/>
  <testcase classname="TestNGAttributes.Prioroty_Attribute" name="enterPassword" time="0.086"/>
  <system-out/>
  <testcase classname="TestNGAttributes.Prioroty_Attribute" name="clickLogin" time="0.063"/>
  <system-out/>
</testsuite> <!-- TestNGAttributes.Prioroty_Attribute -->
