<?xml version="1.0" encoding="UTF-8"?>
<!-- Generated by org.testng.reporters.JUnitReportReporter -->
<testsuite hostname="PF4A59NC" failures="0" tests="3" name="TestNGAttributes.DataProvider_Attribute" time="0.913" errors="0" timestamp="2025-03-29T08:05:34 IST" skipped="0">
  <testcase classname="TestNGAttributes.DataProvider_Attribute" name="enterCredentials" time="0.513"/>
  <system-out/>
  <testcase classname="TestNGAttributes.DataProvider_Attribute" name="enterCredentials" time="0.210"/>
  <system-out/>
  <testcase classname="TestNGAttributes.DataProvider_Attribute" name="enterCredentials" time="0.190"/>
  <system-out/>
</testsuite> <!-- TestNGAttributes.DataProvider_Attribute -->
