<?xml version="1.0" encoding="UTF-8"?>
<!-- Generated by org.testng.reporters.JUnitReportReporter -->
<testsuite hostname="PF4A59NC" failures="0" tests="3" name="TestNGAttributes.Description_Attribute" time="0.560" errors="0" timestamp="2025-03-29T08:13:24 IST" skipped="0">
  <testcase classname="TestNGAttributes.Description_Attribute" name="enterUsername" time="0.412"/>
  <system-out/>
  <testcase classname="TestNGAttributes.Description_Attribute" name="enterPassword" time="0.076"/>
  <system-out/>
  <testcase classname="TestNGAttributes.Description_Attribute" name="clickLogin" time="0.072"/>
  <system-out/>
</testsuite> <!-- TestNGAttributes.Description_Attribute -->
